{"src/contracts/NuclearPoE.sol":{"l":{"45":2,"49":1,"54":11,"55":11,"67":12,"72":10,"73":10,"80":10,"82":10,"86":2,"87":2,"89":2,"101":1,"102":1,"104":1,"110":4,"112":2,"113":1,"116":2,"127":6,"130":6,"131":6,"133":6,"143":5,"148":3,"150":3,"156":4,"158":2,"159":1,"162":2,"180":1,"191":1,"201":3,"205":2,"211":3,"212":1,"214":2,"221":2,"222":1,"224":1,"247":3,"251":2},"path":"/home/smartinez/Documents/github/nuclearistrack/src/contracts/NuclearPoE.sol","s":{"1":2,"2":11,"3":11,"4":12,"5":10,"6":10,"7":10,"8":10,"9":2,"10":2,"11":2,"12":1,"13":1,"14":1,"15":4,"16":2,"17":1,"18":1,"19":2,"20":6,"21":6,"22":6,"23":6,"24":5,"25":3,"26":3,"27":4,"28":2,"29":1,"30":1,"31":2,"32":1,"33":1,"34":3,"35":2,"36":3,"37":1,"38":2,"39":2,"40":1,"41":1,"42":3,"43":2},"b":{"1":[1,1],"2":[10,2],"3":[2,2],"4":[1,1],"5":[3,2],"6":[2,2],"7":[1,1],"8":[2,1],"9":[1,2],"10":[1,1],"11":[2,1]},"f":{"1":2,"2":11,"3":12,"4":2,"5":1,"6":4,"7":6,"8":5,"9":4,"10":1,"11":1,"12":3,"13":3,"14":2,"15":3},"fnMap":{"1":{"name":"onlyUser","line":44,"loc":{"start":{"line":44,"column":4},"end":{"line":50,"column":4}}},"2":{"name":"constructor","line":52,"loc":{"start":{"line":52,"column":4},"end":{"line":56,"column":4}}},"3":{"name":"createProject","line":66,"loc":{"start":{"line":62,"column":4},"end":{"line":83,"column":4}}},"4":{"name":"assignClient","line":85,"loc":{"start":{"line":85,"column":4},"end":{"line":90,"column":4}}},"5":{"name":"createUser","line":100,"loc":{"start":{"line":96,"column":4},"end":{"line":105,"column":4}}},"6":{"name":"toggleUserStatus","line":109,"loc":{"start":{"line":109,"column":4},"end":{"line":117,"column":4}}},"7":{"name":"createProcess","line":125,"loc":{"start":{"line":123,"column":4},"end":{"line":134,"column":4}}},"8":{"name":"addProcessToProject","line":141,"loc":{"start":{"line":139,"column":4},"end":{"line":151,"column":4}}},"9":{"name":"toggleProjectStatus","line":155,"loc":{"start":{"line":155,"column":4},"end":{"line":163,"column":4}}},"10":{"name":"getUser","line":172,"loc":{"start":{"line":169,"column":4},"end":{"line":186,"column":4}}},"11":{"name":"getAllUsers","line":190,"loc":{"start":{"line":190,"column":4},"end":{"line":192,"column":4}}},"12":{"name":"getProcessContractsByProject","line":196,"loc":{"start":{"line":196,"column":4},"end":{"line":206,"column":4}}},"13":{"name":"getProcessesByAddress","line":210,"loc":{"start":{"line":210,"column":4},"end":{"line":216,"column":4}}},"14":{"name":"getProjectsByAddress","line":220,"loc":{"start":{"line":220,"column":4},"end":{"line":226,"column":4}}},"15":{"name":"getProjectDetails","line":235,"loc":{"start":{"line":235,"column":4},"end":{"line":259,"column":4}}}},"statementMap":{"1":{"start":{"line":45,"column":8},"end":{"line":45,"column":1415}},"2":{"start":{"line":54,"column":8},"end":{"line":54,"column":65}},"3":{"start":{"line":55,"column":8},"end":{"line":55,"column":30}},"4":{"start":{"line":67,"column":8},"end":{"line":67,"column":2092}},"5":{"start":{"line":72,"column":8},"end":{"line":72,"column":60}},"6":{"start":{"line":73,"column":8},"end":{"line":73,"column":2279}},"7":{"start":{"line":80,"column":8},"end":{"line":80,"column":30}},"8":{"start":{"line":82,"column":8},"end":{"line":82,"column":31}},"9":{"start":{"line":86,"column":8},"end":{"line":86,"column":43}},"10":{"start":{"line":87,"column":8},"end":{"line":87,"column":44}},"11":{"start":{"line":89,"column":8},"end":{"line":89,"column":39}},"12":{"start":{"line":101,"column":8},"end":{"line":101,"column":58}},"13":{"start":{"line":102,"column":8},"end":{"line":102,"column":28}},"14":{"start":{"line":104,"column":8},"end":{"line":104,"column":33}},"15":{"start":{"line":110,"column":8},"end":{"line":110,"column":75}},"16":{"start":{"line":112,"column":8},"end":{"line":112,"column":3439}},"17":{"start":{"line":113,"column":12},"end":{"line":113,"column":48}},"18":{"start":{"line":114,"column":13},"end":{"line":114,"column":50}},"19":{"start":{"line":116,"column":8},"end":{"line":116,"column":63}},"20":{"start":{"line":127,"column":8},"end":{"line":127,"column":3957}},"21":{"start":{"line":130,"column":8},"end":{"line":130,"column":65}},"22":{"start":{"line":131,"column":8},"end":{"line":131,"column":57}},"23":{"start":{"line":133,"column":8},"end":{"line":133,"column":50}},"24":{"start":{"line":143,"column":8},"end":{"line":143,"column":4542}},"25":{"start":{"line":148,"column":8},"end":{"line":148,"column":60}},"26":{"start":{"line":150,"column":8},"end":{"line":150,"column":49}},"27":{"start":{"line":156,"column":8},"end":{"line":156,"column":76}},"28":{"start":{"line":158,"column":8},"end":{"line":158,"column":5062}},"29":{"start":{"line":159,"column":12},"end":{"line":159,"column":46}},"30":{"start":{"line":160,"column":13},"end":{"line":160,"column":48}},"31":{"start":{"line":162,"column":8},"end":{"line":162,"column":59}},"32":{"start":{"line":180,"column":8},"end":{"line":180,"column":5633}},"33":{"start":{"line":191,"column":8},"end":{"line":191,"column":21}},"34":{"start":{"line":201,"column":8},"end":{"line":201,"column":6230}},"35":{"start":{"line":205,"column":8},"end":{"line":205,"column":45}},"36":{"start":{"line":211,"column":8},"end":{"line":211,"column":6661}},"37":{"start":{"line":212,"column":12},"end":{"line":212,"column":40}},"38":{"start":{"line":214,"column":12},"end":{"line":214,"column":51}},"39":{"start":{"line":221,"column":8},"end":{"line":221,"column":7030}},"40":{"start":{"line":222,"column":12},"end":{"line":222,"column":32}},"41":{"start":{"line":224,"column":12},"end":{"line":224,"column":50}},"42":{"start":{"line":247,"column":8},"end":{"line":247,"column":7798}},"43":{"start":{"line":251,"column":8},"end":{"line":251,"column":7961}}},"branchMap":{"1":{"line":45,"type":"if","locations":[{"start":{"line":45,"column":8},"end":{"line":45,"column":8}},{"start":{"line":45,"column":8},"end":{"line":45,"column":8}}]},"2":{"line":67,"type":"if","locations":[{"start":{"line":67,"column":8},"end":{"line":67,"column":8}},{"start":{"line":67,"column":8},"end":{"line":67,"column":8}}]},"3":{"line":110,"type":"if","locations":[{"start":{"line":110,"column":8},"end":{"line":110,"column":8}},{"start":{"line":110,"column":8},"end":{"line":110,"column":8}}]},"4":{"line":112,"type":"if","locations":[{"start":{"line":112,"column":8},"end":{"line":112,"column":8}},{"start":{"line":112,"column":8},"end":{"line":112,"column":8}}]},"5":{"line":143,"type":"if","locations":[{"start":{"line":143,"column":8},"end":{"line":143,"column":8}},{"start":{"line":143,"column":8},"end":{"line":143,"column":8}}]},"6":{"line":156,"type":"if","locations":[{"start":{"line":156,"column":8},"end":{"line":156,"column":8}},{"start":{"line":156,"column":8},"end":{"line":156,"column":8}}]},"7":{"line":158,"type":"if","locations":[{"start":{"line":158,"column":8},"end":{"line":158,"column":8}},{"start":{"line":158,"column":8},"end":{"line":158,"column":8}}]},"8":{"line":201,"type":"if","locations":[{"start":{"line":201,"column":8},"end":{"line":201,"column":8}},{"start":{"line":201,"column":8},"end":{"line":201,"column":8}}]},"9":{"line":211,"type":"if","locations":[{"start":{"line":211,"column":8},"end":{"line":211,"column":8}},{"start":{"line":211,"column":8},"end":{"line":211,"column":8}}]},"10":{"line":221,"type":"if","locations":[{"start":{"line":221,"column":8},"end":{"line":221,"column":8}},{"start":{"line":221,"column":8},"end":{"line":221,"column":8}}]},"11":{"line":247,"type":"if","locations":[{"start":{"line":247,"column":8},"end":{"line":247,"column":8}},{"start":{"line":247,"column":8},"end":{"line":247,"column":8}}]}}},"src/contracts/Ownable.sol":{"l":{"29":11,"30":11,"37":45,"38":39,"49":1,"50":1,"58":3,"62":1,"63":1,"70":15},"path":"/home/smartinez/Documents/github/nuclearistrack/src/contracts/Ownable.sol","s":{"1":11,"2":11,"3":45,"4":1,"5":1,"6":3,"7":1,"8":1,"9":15},"b":{"1":[39,6],"2":[1,2]},"f":{"1":11,"2":45,"3":1,"4":3,"5":15},"fnMap":{"1":{"name":"constructor","line":28,"loc":{"start":{"line":28,"column":4},"end":{"line":31,"column":4}}},"2":{"name":"onlyOwner","line":36,"loc":{"start":{"line":36,"column":4},"end":{"line":39,"column":4}}},"3":{"name":"renounceOwnership","line":48,"loc":{"start":{"line":48,"column":4},"end":{"line":51,"column":4}}},"4":{"name":"transferOwnership","line":57,"loc":{"start":{"line":57,"column":4},"end":{"line":64,"column":4}}},"5":{"name":"owner","line":69,"loc":{"start":{"line":69,"column":4},"end":{"line":71,"column":4}}}},"statementMap":{"1":{"start":{"line":29,"column":8},"end":{"line":29,"column":26}},"2":{"start":{"line":30,"column":8},"end":{"line":30,"column":57}},"3":{"start":{"line":37,"column":8},"end":{"line":37,"column":72}},"4":{"start":{"line":49,"column":8},"end":{"line":49,"column":53}},"5":{"start":{"line":50,"column":8},"end":{"line":50,"column":26}},"6":{"start":{"line":58,"column":8},"end":{"line":58,"column":1842}},"7":{"start":{"line":62,"column":8},"end":{"line":62,"column":51}},"8":{"start":{"line":63,"column":8},"end":{"line":63,"column":24}},"9":{"start":{"line":70,"column":8},"end":{"line":70,"column":21}}},"branchMap":{"1":{"line":37,"type":"if","locations":[{"start":{"line":37,"column":8},"end":{"line":37,"column":8}},{"start":{"line":37,"column":8},"end":{"line":37,"column":8}}]},"2":{"line":58,"type":"if","locations":[{"start":{"line":58,"column":8},"end":{"line":58,"column":8}},{"start":{"line":58,"column":8},"end":{"line":58,"column":8}}]}}},"src/contracts/Process.sol":{"l":{"26":9,"30":5,"38":6,"39":6,"40":6,"56":5,"58":3,"65":3,"67":3,"89":2,"90":1,"115":3},"path":"/home/smartinez/Documents/github/nuclearistrack/src/contracts/Process.sol","s":{"1":9,"2":6,"3":6,"4":6,"5":5,"6":3,"7":3,"8":3,"9":2,"10":1,"11":3},"b":{"1":[5,4],"2":[3,2],"3":[1,1]},"f":{"1":9,"2":6,"3":5,"4":2,"5":3},"fnMap":{"1":{"name":"onlySupplier","line":25,"loc":{"start":{"line":25,"column":4},"end":{"line":31,"column":4}}},"2":{"name":"constructor","line":33,"loc":{"start":{"line":33,"column":4},"end":{"line":41,"column":4}}},"3":{"name":"addDocument","line":55,"loc":{"start":{"line":49,"column":4},"end":{"line":68,"column":4}}},"4":{"name":"getDocument","line":77,"loc":{"start":{"line":77,"column":4},"end":{"line":98,"column":4}}},"5":{"name":"getDetails","line":105,"loc":{"start":{"line":105,"column":4},"end":{"line":116,"column":4}}}},"statementMap":{"1":{"start":{"line":26,"column":8},"end":{"line":26,"column":659}},"2":{"start":{"line":38,"column":8},"end":{"line":38,"column":35}},"3":{"start":{"line":39,"column":8},"end":{"line":39,"column":27}},"4":{"start":{"line":40,"column":8},"end":{"line":40,"column":29}},"5":{"start":{"line":56,"column":8},"end":{"line":56,"column":74}},"6":{"start":{"line":58,"column":8},"end":{"line":58,"column":1537}},"7":{"start":{"line":65,"column":8},"end":{"line":65,"column":31}},"8":{"start":{"line":67,"column":8},"end":{"line":67,"column":31}},"9":{"start":{"line":89,"column":8},"end":{"line":89,"column":73}},"10":{"start":{"line":90,"column":8},"end":{"line":90,"column":2421}},"11":{"start":{"line":115,"column":8},"end":{"line":115,"column":76}}},"branchMap":{"1":{"line":26,"type":"if","locations":[{"start":{"line":26,"column":8},"end":{"line":26,"column":8}},{"start":{"line":26,"column":8},"end":{"line":26,"column":8}}]},"2":{"line":56,"type":"if","locations":[{"start":{"line":56,"column":8},"end":{"line":56,"column":8}},{"start":{"line":56,"column":8},"end":{"line":56,"column":8}}]},"3":{"line":89,"type":"if","locations":[{"start":{"line":89,"column":8},"end":{"line":89,"column":8}},{"start":{"line":89,"column":8},"end":{"line":89,"column":8}}]}}}}