{"src\\contracts\\NuclearPoE.sol":{"l":{"45":2,"49":1,"54":14,"55":14,"67":12,"72":10,"73":10,"80":10,"82":10,"86":2,"87":2,"89":2,"101":1,"102":1,"104":1,"122":1,"133":1,"139":4,"141":2,"142":1,"145":2,"156":6,"159":6,"160":6,"162":6,"172":5,"177":3,"179":3,"185":4,"187":2,"188":1,"191":2,"201":3,"205":2,"211":3,"212":1,"214":2,"221":2,"222":1,"224":1,"247":3,"251":2},"path":"C:\\Users\\smartinez.nuclearis\\Documents\\GitHub\\work\\poe\\src\\contracts\\NuclearPoE.sol","s":{"1":2,"2":14,"3":14,"4":12,"5":10,"6":10,"7":10,"8":10,"9":2,"10":2,"11":2,"12":1,"13":1,"14":1,"15":1,"16":1,"17":4,"18":2,"19":1,"20":1,"21":2,"22":6,"23":6,"24":6,"25":6,"26":5,"27":3,"28":3,"29":4,"30":2,"31":1,"32":1,"33":2,"34":3,"35":2,"36":3,"37":1,"38":2,"39":2,"40":1,"41":1,"42":3,"43":2},"b":{"1":[1,1],"2":[10,2],"3":[2,2],"4":[1,1],"5":[3,2],"6":[2,2],"7":[1,1],"8":[2,1],"9":[1,2],"10":[1,1],"11":[2,1]},"f":{"1":2,"2":14,"3":12,"4":2,"5":1,"6":1,"7":1,"8":4,"9":6,"10":5,"11":4,"12":3,"13":3,"14":2,"15":3},"fnMap":{"1":{"name":"onlyUser","line":44,"loc":{"start":{"line":44,"column":4},"end":{"line":50,"column":4}}},"2":{"name":"constructor","line":52,"loc":{"start":{"line":52,"column":4},"end":{"line":56,"column":4}}},"3":{"name":"createProject","line":66,"loc":{"start":{"line":62,"column":4},"end":{"line":83,"column":4}}},"4":{"name":"assignClient","line":85,"loc":{"start":{"line":85,"column":4},"end":{"line":90,"column":4}}},"5":{"name":"createUser","line":100,"loc":{"start":{"line":96,"column":4},"end":{"line":105,"column":4}}},"6":{"name":"getUser","line":114,"loc":{"start":{"line":111,"column":4},"end":{"line":128,"column":4}}},"7":{"name":"getAllUsers","line":132,"loc":{"start":{"line":132,"column":4},"end":{"line":134,"column":4}}},"8":{"name":"toggleUserStatus","line":138,"loc":{"start":{"line":138,"column":4},"end":{"line":146,"column":4}}},"9":{"name":"createProcess","line":154,"loc":{"start":{"line":152,"column":4},"end":{"line":163,"column":4}}},"10":{"name":"addProcessToProject","line":170,"loc":{"start":{"line":168,"column":4},"end":{"line":180,"column":4}}},"11":{"name":"toggleProjectStatus","line":184,"loc":{"start":{"line":184,"column":4},"end":{"line":192,"column":4}}},"12":{"name":"getProcessContractsByProject","line":196,"loc":{"start":{"line":196,"column":4},"end":{"line":206,"column":4}}},"13":{"name":"getProcessesByAddress","line":210,"loc":{"start":{"line":210,"column":4},"end":{"line":216,"column":4}}},"14":{"name":"getProjectsByAddress","line":220,"loc":{"start":{"line":220,"column":4},"end":{"line":226,"column":4}}},"15":{"name":"getProjectDetails","line":235,"loc":{"start":{"line":235,"column":4},"end":{"line":259,"column":4}}}},"statementMap":{"1":{"start":{"line":45,"column":8},"end":{"line":45,"column":1456}},"2":{"start":{"line":54,"column":8},"end":{"line":54,"column":64}},"3":{"start":{"line":55,"column":8},"end":{"line":55,"column":29}},"4":{"start":{"line":67,"column":8},"end":{"line":67,"column":2151}},"5":{"start":{"line":72,"column":8},"end":{"line":72,"column":60}},"6":{"start":{"line":73,"column":8},"end":{"line":73,"column":2343}},"7":{"start":{"line":80,"column":8},"end":{"line":80,"column":30}},"8":{"start":{"line":82,"column":8},"end":{"line":82,"column":31}},"9":{"start":{"line":86,"column":8},"end":{"line":86,"column":43}},"10":{"start":{"line":87,"column":8},"end":{"line":87,"column":43}},"11":{"start":{"line":89,"column":8},"end":{"line":89,"column":39}},"12":{"start":{"line":101,"column":8},"end":{"line":101,"column":57}},"13":{"start":{"line":102,"column":8},"end":{"line":102,"column":27}},"14":{"start":{"line":104,"column":8},"end":{"line":104,"column":33}},"15":{"start":{"line":122,"column":8},"end":{"line":122,"column":3649}},"16":{"start":{"line":133,"column":8},"end":{"line":133,"column":20}},"17":{"start":{"line":139,"column":8},"end":{"line":139,"column":74}},"18":{"start":{"line":141,"column":8},"end":{"line":141,"column":4319}},"19":{"start":{"line":142,"column":12},"end":{"line":142,"column":47}},"20":{"start":{"line":143,"column":13},"end":{"line":143,"column":49}},"21":{"start":{"line":145,"column":8},"end":{"line":145,"column":62}},"22":{"start":{"line":156,"column":8},"end":{"line":156,"column":4849}},"23":{"start":{"line":159,"column":8},"end":{"line":159,"column":65}},"24":{"start":{"line":160,"column":8},"end":{"line":160,"column":57}},"25":{"start":{"line":162,"column":8},"end":{"line":162,"column":50}},"26":{"start":{"line":172,"column":8},"end":{"line":172,"column":5450}},"27":{"start":{"line":177,"column":8},"end":{"line":177,"column":59}},"28":{"start":{"line":179,"column":8},"end":{"line":179,"column":49}},"29":{"start":{"line":185,"column":8},"end":{"line":185,"column":75}},"30":{"start":{"line":187,"column":8},"end":{"line":187,"column":5981}},"31":{"start":{"line":188,"column":12},"end":{"line":188,"column":45}},"32":{"start":{"line":189,"column":13},"end":{"line":189,"column":47}},"33":{"start":{"line":191,"column":8},"end":{"line":191,"column":58}},"34":{"start":{"line":201,"column":8},"end":{"line":201,"column":6392}},"35":{"start":{"line":205,"column":8},"end":{"line":205,"column":44}},"36":{"start":{"line":211,"column":8},"end":{"line":211,"column":6831}},"37":{"start":{"line":212,"column":12},"end":{"line":212,"column":40}},"38":{"start":{"line":214,"column":12},"end":{"line":214,"column":51}},"39":{"start":{"line":221,"column":8},"end":{"line":221,"column":7210}},"40":{"start":{"line":222,"column":12},"end":{"line":222,"column":32}},"41":{"start":{"line":224,"column":12},"end":{"line":224,"column":50}},"42":{"start":{"line":247,"column":8},"end":{"line":247,"column":8004}},"43":{"start":{"line":251,"column":8},"end":{"line":251,"column":8170}}},"branchMap":{"1":{"line":45,"type":"if","locations":[{"start":{"line":45,"column":8},"end":{"line":45,"column":8}},{"start":{"line":45,"column":8},"end":{"line":45,"column":8}}]},"2":{"line":67,"type":"if","locations":[{"start":{"line":67,"column":8},"end":{"line":67,"column":8}},{"start":{"line":67,"column":8},"end":{"line":67,"column":8}}]},"3":{"line":139,"type":"if","locations":[{"start":{"line":139,"column":8},"end":{"line":139,"column":8}},{"start":{"line":139,"column":8},"end":{"line":139,"column":8}}]},"4":{"line":141,"type":"if","locations":[{"start":{"line":141,"column":8},"end":{"line":141,"column":8}},{"start":{"line":141,"column":8},"end":{"line":141,"column":8}}]},"5":{"line":172,"type":"if","locations":[{"start":{"line":172,"column":8},"end":{"line":172,"column":8}},{"start":{"line":172,"column":8},"end":{"line":172,"column":8}}]},"6":{"line":185,"type":"if","locations":[{"start":{"line":185,"column":8},"end":{"line":185,"column":8}},{"start":{"line":185,"column":8},"end":{"line":185,"column":8}}]},"7":{"line":187,"type":"if","locations":[{"start":{"line":187,"column":8},"end":{"line":187,"column":8}},{"start":{"line":187,"column":8},"end":{"line":187,"column":8}}]},"8":{"line":201,"type":"if","locations":[{"start":{"line":201,"column":8},"end":{"line":201,"column":8}},{"start":{"line":201,"column":8},"end":{"line":201,"column":8}}]},"9":{"line":211,"type":"if","locations":[{"start":{"line":211,"column":8},"end":{"line":211,"column":8}},{"start":{"line":211,"column":8},"end":{"line":211,"column":8}}]},"10":{"line":221,"type":"if","locations":[{"start":{"line":221,"column":8},"end":{"line":221,"column":8}},{"start":{"line":221,"column":8},"end":{"line":221,"column":8}}]},"11":{"line":247,"type":"if","locations":[{"start":{"line":247,"column":8},"end":{"line":247,"column":8}},{"start":{"line":247,"column":8},"end":{"line":247,"column":8}}]}}},"src\\contracts\\Ownable.sol":{"l":{"29":14,"30":14,"37":15,"44":45,"45":39,"56":1,"57":1,"65":3,"69":1,"70":1},"path":"C:\\Users\\smartinez.nuclearis\\Documents\\GitHub\\work\\poe\\src\\contracts\\Ownable.sol","s":{"1":14,"2":14,"3":15,"4":45,"5":1,"6":1,"7":3,"8":1,"9":1},"b":{"1":[39,6],"2":[1,2]},"f":{"1":14,"2":15,"3":45,"4":1,"5":3},"fnMap":{"1":{"name":"constructor","line":28,"loc":{"start":{"line":28,"column":4},"end":{"line":31,"column":4}}},"2":{"name":"owner","line":36,"loc":{"start":{"line":36,"column":4},"end":{"line":38,"column":4}}},"3":{"name":"onlyOwner","line":43,"loc":{"start":{"line":43,"column":4},"end":{"line":46,"column":4}}},"4":{"name":"renounceOwnership","line":55,"loc":{"start":{"line":55,"column":4},"end":{"line":58,"column":4}}},"5":{"name":"transferOwnership","line":64,"loc":{"start":{"line":64,"column":4},"end":{"line":71,"column":4}}}},"statementMap":{"1":{"start":{"line":29,"column":8},"end":{"line":29,"column":26}},"2":{"start":{"line":30,"column":8},"end":{"line":30,"column":57}},"3":{"start":{"line":37,"column":8},"end":{"line":37,"column":21}},"4":{"start":{"line":44,"column":8},"end":{"line":44,"column":72}},"5":{"start":{"line":56,"column":8},"end":{"line":56,"column":53}},"6":{"start":{"line":57,"column":8},"end":{"line":57,"column":26}},"7":{"start":{"line":65,"column":8},"end":{"line":65,"column":2075}},"8":{"start":{"line":69,"column":8},"end":{"line":69,"column":51}},"9":{"start":{"line":70,"column":8},"end":{"line":70,"column":24}}},"branchMap":{"1":{"line":44,"type":"if","locations":[{"start":{"line":44,"column":8},"end":{"line":44,"column":8}},{"start":{"line":44,"column":8},"end":{"line":44,"column":8}}]},"2":{"line":65,"type":"if","locations":[{"start":{"line":65,"column":8},"end":{"line":65,"column":8}},{"start":{"line":65,"column":8},"end":{"line":65,"column":8}}]}}},"src\\contracts\\Process.sol":{"l":{"28":9,"32":5,"40":6,"41":6,"42":6,"58":5,"60":3,"61":3,"63":3,"85":2,"86":1,"111":3},"path":"C:\\Users\\smartinez.nuclearis\\Documents\\GitHub\\work\\poe\\src\\contracts\\Process.sol","s":{"1":9,"2":6,"3":6,"4":6,"5":5,"6":3,"7":3,"8":3,"9":2,"10":1,"11":3},"b":{"1":[5,4],"2":[3,2],"3":[1,1]},"f":{"1":9,"2":6,"3":5,"4":2,"5":3},"fnMap":{"1":{"name":"onlySupplier","line":27,"loc":{"start":{"line":27,"column":4},"end":{"line":33,"column":4}}},"2":{"name":"constructor","line":35,"loc":{"start":{"line":35,"column":4},"end":{"line":43,"column":4}}},"3":{"name":"addDocument","line":57,"loc":{"start":{"line":51,"column":4},"end":{"line":64,"column":4}}},"4":{"name":"getDocument","line":73,"loc":{"start":{"line":73,"column":4},"end":{"line":94,"column":4}}},"5":{"name":"getDetails","line":101,"loc":{"start":{"line":101,"column":4},"end":{"line":112,"column":4}}}},"statementMap":{"1":{"start":{"line":28,"column":8},"end":{"line":28,"column":710}},"2":{"start":{"line":40,"column":8},"end":{"line":40,"column":41}},"3":{"start":{"line":41,"column":8},"end":{"line":41,"column":33}},"4":{"start":{"line":42,"column":8},"end":{"line":42,"column":28}},"5":{"start":{"line":58,"column":8},"end":{"line":58,"column":73}},"6":{"start":{"line":60,"column":8},"end":{"line":60,"column":78}},"7":{"start":{"line":61,"column":8},"end":{"line":61,"column":31}},"8":{"start":{"line":63,"column":8},"end":{"line":63,"column":31}},"9":{"start":{"line":85,"column":8},"end":{"line":85,"column":72}},"10":{"start":{"line":86,"column":8},"end":{"line":86,"column":2441}},"11":{"start":{"line":111,"column":8},"end":{"line":111,"column":74}}},"branchMap":{"1":{"line":28,"type":"if","locations":[{"start":{"line":28,"column":8},"end":{"line":28,"column":8}},{"start":{"line":28,"column":8},"end":{"line":28,"column":8}}]},"2":{"line":58,"type":"if","locations":[{"start":{"line":58,"column":8},"end":{"line":58,"column":8}},{"start":{"line":58,"column":8},"end":{"line":58,"column":8}}]},"3":{"line":85,"type":"if","locations":[{"start":{"line":85,"column":8},"end":{"line":85,"column":8}},{"start":{"line":85,"column":8},"end":{"line":85,"column":8}}]}}}}