{"C:\\Users\\smartinez.nuclearis\\Documents\\GitHub\\NUCLEARIS-Material-Organization\\classes\\Blockchain.js": {"path":"C:\\Users\\smartinez.nuclearis\\Documents\\GitHub\\NUCLEARIS-Material-Organization\\classes\\Blockchain.js","statementMap":{"0":{"start":{"line":1,"column":0},"end":{"line":1,"column":27}},"1":{"start":{"line":2,"column":14},"end":{"line":2,"column":29}},"2":{"start":{"line":3,"column":11},"end":{"line":3,"column":24}},"3":{"start":{"line":4,"column":23},"end":{"line":4,"column":40}},"4":{"start":{"line":5,"column":13},"end":{"line":5,"column":28}},"5":{"start":{"line":6,"column":20},"end":{"line":6,"column":44}},"6":{"start":{"line":8,"column":13},"end":{"line":8,"column":73}},"7":{"start":{"line":9,"column":17},"end":{"line":9,"column":50}},"8":{"start":{"line":10,"column":15},"end":{"line":10,"column":52}},"9":{"start":{"line":11,"column":16},"end":{"line":11,"column":22}},"10":{"start":{"line":12,"column":17},"end":{"line":12,"column":66}},"11":{"start":{"line":22,"column":26},"end":{"line":22,"column":58}},"12":{"start":{"line":23,"column":4},"end":{"line":23,"column":30}},"13":{"start":{"line":24,"column":4},"end":{"line":24,"column":33}},"14":{"start":{"line":34,"column":4},"end":{"line":34,"column":21}},"15":{"start":{"line":35,"column":4},"end":{"line":37,"column":23}},"16":{"start":{"line":38,"column":4},"end":{"line":38,"column":16}},"17":{"start":{"line":48,"column":4},"end":{"line":48,"column":25}},"18":{"start":{"line":58,"column":19},"end":{"line":60,"column":34}},"19":{"start":{"line":62,"column":4},"end":{"line":62,"column":18}},"20":{"start":{"line":72,"column":17},"end":{"line":72,"column":54}},"21":{"start":{"line":73,"column":28},"end":{"line":73,"column":52}},"22":{"start":{"line":74,"column":24},"end":{"line":74,"column":48}},"23":{"start":{"line":75,"column":24},"end":{"line":75,"column":45}},"24":{"start":{"line":77,"column":4},"end":{"line":87,"column":19}},"25":{"start":{"line":88,"column":4},"end":{"line":98,"column":42}},"26":{"start":{"line":99,"column":4},"end":{"line":99,"column":16}},"27":{"start":{"line":104,"column":4},"end":{"line":105,"column":52}},"28":{"start":{"line":105,"column":6},"end":{"line":105,"column":52}},"29":{"start":{"line":107,"column":4},"end":{"line":108,"column":55}},"30":{"start":{"line":108,"column":6},"end":{"line":108,"column":55}},"31":{"start":{"line":110,"column":4},"end":{"line":111,"column":53}},"32":{"start":{"line":111,"column":6},"end":{"line":111,"column":53}},"33":{"start":{"line":113,"column":18},"end":{"line":113,"column":52}},"34":{"start":{"line":114,"column":20},"end":{"line":114,"column":63}},"35":{"start":{"line":115,"column":17},"end":{"line":115,"column":49}},"36":{"start":{"line":118,"column":4},"end":{"line":120,"column":19}},"37":{"start":{"line":121,"column":4},"end":{"line":123,"column":42}},"38":{"start":{"line":124,"column":4},"end":{"line":124,"column":16}},"39":{"start":{"line":129,"column":4},"end":{"line":130,"column":52}},"40":{"start":{"line":130,"column":6},"end":{"line":130,"column":52}},"41":{"start":{"line":133,"column":4},"end":{"line":133,"column":72}},"42":{"start":{"line":134,"column":4},"end":{"line":136,"column":42}},"43":{"start":{"line":137,"column":4},"end":{"line":137,"column":16}},"44":{"start":{"line":142,"column":4},"end":{"line":143,"column":52}},"45":{"start":{"line":143,"column":6},"end":{"line":143,"column":52}},"46":{"start":{"line":145,"column":4},"end":{"line":146,"column":58}},"47":{"start":{"line":146,"column":6},"end":{"line":146,"column":58}},"48":{"start":{"line":148,"column":4},"end":{"line":149,"column":58}},"49":{"start":{"line":149,"column":6},"end":{"line":149,"column":58}},"50":{"start":{"line":151,"column":18},"end":{"line":151,"column":52}},"51":{"start":{"line":152,"column":20},"end":{"line":152,"column":65}},"52":{"start":{"line":153,"column":17},"end":{"line":153,"column":51}},"53":{"start":{"line":155,"column":4},"end":{"line":157,"column":19}},"54":{"start":{"line":158,"column":4},"end":{"line":160,"column":42}},"55":{"start":{"line":161,"column":4},"end":{"line":161,"column":16}},"56":{"start":{"line":171,"column":21},"end":{"line":171,"column":49}},"57":{"start":{"line":172,"column":18},"end":{"line":172,"column":65}},"58":{"start":{"line":174,"column":18},"end":{"line":181,"column":5}},"59":{"start":{"line":183,"column":15},"end":{"line":183,"column":37}},"60":{"start":{"line":184,"column":4},"end":{"line":184,"column":26}},"61":{"start":{"line":185,"column":25},"end":{"line":185,"column":39}},"62":{"start":{"line":187,"column":4},"end":{"line":195,"column":9}},"63":{"start":{"line":190,"column":8},"end":{"line":190,"column":40}},"64":{"start":{"line":191,"column":8},"end":{"line":191,"column":20}},"65":{"start":{"line":194,"column":8},"end":{"line":194,"column":27}},"66":{"start":{"line":198,"column":0},"end":{"line":198,"column":28}}},"fnMap":{"0":{"name":"(anonymous_0)","decl":{"start":{"line":20,"column":2},"end":{"line":20,"column":3}},"loc":{"start":{"line":20,"column":20},"end":{"line":25,"column":3}},"line":20},"1":{"name":"(anonymous_1)","decl":{"start":{"line":33,"column":2},"end":{"line":33,"column":3}},"loc":{"start":{"line":33,"column":19},"end":{"line":39,"column":3}},"line":33},"2":{"name":"(anonymous_2)","decl":{"start":{"line":47,"column":2},"end":{"line":47,"column":3}},"loc":{"start":{"line":47,"column":16},"end":{"line":49,"column":3}},"line":47},"3":{"name":"(anonymous_3)","decl":{"start":{"line":57,"column":2},"end":{"line":57,"column":3}},"loc":{"start":{"line":57,"column":47},"end":{"line":63,"column":3}},"line":57},"4":{"name":"(anonymous_4)","decl":{"start":{"line":71,"column":2},"end":{"line":71,"column":3}},"loc":{"start":{"line":71,"column":56},"end":{"line":100,"column":3}},"line":71},"5":{"name":"(anonymous_5)","decl":{"start":{"line":102,"column":2},"end":{"line":102,"column":3}},"loc":{"start":{"line":102,"column":72},"end":{"line":125,"column":3}},"line":102},"6":{"name":"(anonymous_6)","decl":{"start":{"line":127,"column":2},"end":{"line":127,"column":3}},"loc":{"start":{"line":127,"column":35},"end":{"line":138,"column":3}},"line":127},"7":{"name":"(anonymous_7)","decl":{"start":{"line":140,"column":2},"end":{"line":140,"column":3}},"loc":{"start":{"line":140,"column":76},"end":{"line":162,"column":3}},"line":140},"8":{"name":"(anonymous_8)","decl":{"start":{"line":170,"column":2},"end":{"line":170,"column":3}},"loc":{"start":{"line":170,"column":17},"end":{"line":196,"column":3}},"line":170},"9":{"name":"(anonymous_9)","decl":{"start":{"line":189,"column":29},"end":{"line":189,"column":30}},"loc":{"start":{"line":189,"column":41},"end":{"line":192,"column":7}},"line":189},"10":{"name":"(anonymous_10)","decl":{"start":{"line":193,"column":19},"end":{"line":193,"column":20}},"loc":{"start":{"line":193,"column":28},"end":{"line":195,"column":7}},"line":193}},"branchMap":{"0":{"loc":{"start":{"line":8,"column":23},"end":{"line":8,"column":72}},"type":"binary-expr","locations":[{"start":{"line":8,"column":23},"end":{"line":8,"column":45}},{"start":{"line":8,"column":49},"end":{"line":8,"column":72}}],"line":8},"1":{"loc":{"start":{"line":104,"column":4},"end":{"line":105,"column":52}},"type":"if","locations":[{"start":{"line":104,"column":4},"end":{"line":105,"column":52}},{"start":{"line":104,"column":4},"end":{"line":105,"column":52}}],"line":104},"2":{"loc":{"start":{"line":107,"column":4},"end":{"line":108,"column":55}},"type":"if","locations":[{"start":{"line":107,"column":4},"end":{"line":108,"column":55}},{"start":{"line":107,"column":4},"end":{"line":108,"column":55}}],"line":107},"3":{"loc":{"start":{"line":110,"column":4},"end":{"line":111,"column":53}},"type":"if","locations":[{"start":{"line":110,"column":4},"end":{"line":111,"column":53}},{"start":{"line":110,"column":4},"end":{"line":111,"column":53}}],"line":110},"4":{"loc":{"start":{"line":129,"column":4},"end":{"line":130,"column":52}},"type":"if","locations":[{"start":{"line":129,"column":4},"end":{"line":130,"column":52}},{"start":{"line":129,"column":4},"end":{"line":130,"column":52}}],"line":129},"5":{"loc":{"start":{"line":142,"column":4},"end":{"line":143,"column":52}},"type":"if","locations":[{"start":{"line":142,"column":4},"end":{"line":143,"column":52}},{"start":{"line":142,"column":4},"end":{"line":143,"column":52}}],"line":142},"6":{"loc":{"start":{"line":145,"column":4},"end":{"line":146,"column":58}},"type":"if","locations":[{"start":{"line":145,"column":4},"end":{"line":146,"column":58}},{"start":{"line":145,"column":4},"end":{"line":146,"column":58}}],"line":145},"7":{"loc":{"start":{"line":148,"column":4},"end":{"line":149,"column":58}},"type":"if","locations":[{"start":{"line":148,"column":4},"end":{"line":149,"column":58}},{"start":{"line":148,"column":4},"end":{"line":149,"column":58}}],"line":148}},"s":{"0":2,"1":2,"2":2,"3":2,"4":2,"5":2,"6":2,"7":2,"8":2,"9":2,"10":2,"11":4,"12":4,"13":4,"14":2,"15":2,"16":2,"17":1,"18":2,"19":0,"20":1,"21":1,"22":1,"23":1,"24":1,"25":0,"26":0,"27":4,"28":1,"29":3,"30":1,"31":2,"32":1,"33":1,"34":1,"35":1,"36":1,"37":1,"38":0,"39":1,"40":1,"41":0,"42":0,"43":0,"44":3,"45":1,"46":2,"47":1,"48":1,"49":1,"50":0,"51":0,"52":0,"53":0,"54":0,"55":0,"56":0,"57":0,"58":0,"59":0,"60":0,"61":0,"62":0,"63":0,"64":0,"65":0,"66":2},"f":{"0":4,"1":2,"2":1,"3":2,"4":1,"5":4,"6":1,"7":3,"8":0,"9":0,"10":0},"b":{"0":[2,0],"1":[1,3],"2":[1,2],"3":[1,1],"4":[1,0],"5":[1,2],"6":[1,1],"7":[1,0]},"_coverageSchema":"43e27e138ebf9cfc5966b082cf9a028302ed4184","hash":"16c9fcb7d0f522fb6b8a768685fd35a47e5a3309"}
,"C:\\Users\\smartinez.nuclearis\\Documents\\GitHub\\NUCLEARIS-Material-Organization\\classes\\Documento.js": {"path":"C:\\Users\\smartinez.nuclearis\\Documents\\GitHub\\NUCLEARIS-Material-Organization\\classes\\Documento.js","statementMap":{"0":{"start":{"line":1,"column":19},"end":{"line":1,"column":42}},"1":{"start":{"line":12,"column":4},"end":{"line":12,"column":16}},"2":{"start":{"line":13,"column":4},"end":{"line":13,"column":21}},"3":{"start":{"line":23,"column":4},"end":{"line":23,"column":21}},"4":{"start":{"line":34,"column":4},"end":{"line":35,"column":42}},"5":{"start":{"line":35,"column":6},"end":{"line":35,"column":42}},"6":{"start":{"line":36,"column":26},"end":{"line":36,"column":59}},"7":{"start":{"line":37,"column":4},"end":{"line":39,"column":5}},"8":{"start":{"line":38,"column":6},"end":{"line":38,"column":53}},"9":{"start":{"line":40,"column":4},"end":{"line":40,"column":63}},"10":{"start":{"line":44,"column":0},"end":{"line":44,"column":27}}},"fnMap":{"0":{"name":"(anonymous_0)","decl":{"start":{"line":11,"column":2},"end":{"line":11,"column":3}},"loc":{"start":{"line":11,"column":26},"end":{"line":14,"column":3}},"line":11},"1":{"name":"(anonymous_1)","decl":{"start":{"line":22,"column":2},"end":{"line":22,"column":3}},"loc":{"start":{"line":22,"column":16},"end":{"line":24,"column":3}},"line":22},"2":{"name":"(anonymous_2)","decl":{"start":{"line":33,"column":2},"end":{"line":33,"column":3}},"loc":{"start":{"line":33,"column":21},"end":{"line":41,"column":3}},"line":33}},"branchMap":{"0":{"loc":{"start":{"line":34,"column":4},"end":{"line":35,"column":42}},"type":"if","locations":[{"start":{"line":34,"column":4},"end":{"line":35,"column":42}},{"start":{"line":34,"column":4},"end":{"line":35,"column":42}}],"line":34},"1":{"loc":{"start":{"line":37,"column":4},"end":{"line":39,"column":5}},"type":"if","locations":[{"start":{"line":37,"column":4},"end":{"line":39,"column":5}},{"start":{"line":37,"column":4},"end":{"line":39,"column":5}}],"line":37}},"s":{"0":1,"1":3,"2":3,"3":1,"4":3,"5":1,"6":2,"7":2,"8":1,"9":1,"10":1},"f":{"0":3,"1":1,"2":3},"b":{"0":[1,2],"1":[1,1]},"_coverageSchema":"43e27e138ebf9cfc5966b082cf9a028302ed4184","hash":"023d8744f8b65744c0f9ccd23d7ef4bfb9d5953c"}
}
