{"C:\\Users\\smartinez.nuclearis\\Documents\\GitHub\\NUCLEARIS-Material-Organization\\classes\\Blockchain.js": {"path":"C:\\Users\\smartinez.nuclearis\\Documents\\GitHub\\NUCLEARIS-Material-Organization\\classes\\Blockchain.js","statementMap":{"0":{"start":{"line":1,"column":0},"end":{"line":1,"column":27}},"1":{"start":{"line":2,"column":14},"end":{"line":2,"column":29}},"2":{"start":{"line":3,"column":11},"end":{"line":3,"column":24}},"3":{"start":{"line":4,"column":23},"end":{"line":4,"column":40}},"4":{"start":{"line":5,"column":13},"end":{"line":5,"column":28}},"5":{"start":{"line":6,"column":20},"end":{"line":6,"column":44}},"6":{"start":{"line":7,"column":22},"end":{"line":7,"column":51}},"7":{"start":{"line":9,"column":13},"end":{"line":9,"column":73}},"8":{"start":{"line":10,"column":17},"end":{"line":10,"column":50}},"9":{"start":{"line":11,"column":15},"end":{"line":11,"column":52}},"10":{"start":{"line":12,"column":16},"end":{"line":12,"column":22}},"11":{"start":{"line":13,"column":17},"end":{"line":13,"column":66}},"12":{"start":{"line":23,"column":26},"end":{"line":23,"column":58}},"13":{"start":{"line":24,"column":4},"end":{"line":24,"column":30}},"14":{"start":{"line":25,"column":4},"end":{"line":25,"column":33}},"15":{"start":{"line":35,"column":4},"end":{"line":35,"column":21}},"16":{"start":{"line":36,"column":4},"end":{"line":38,"column":23}},"17":{"start":{"line":39,"column":4},"end":{"line":39,"column":16}},"18":{"start":{"line":49,"column":4},"end":{"line":49,"column":25}},"19":{"start":{"line":59,"column":4},"end":{"line":59,"column":74}},"20":{"start":{"line":60,"column":4},"end":{"line":60,"column":16}},"21":{"start":{"line":70,"column":19},"end":{"line":72,"column":34}},"22":{"start":{"line":73,"column":24},"end":{"line":73,"column":33}},"23":{"start":{"line":74,"column":21},"end":{"line":74,"column":30}},"24":{"start":{"line":76,"column":4},"end":{"line":83,"column":5}},"25":{"start":{"line":77,"column":6},"end":{"line":80,"column":8}},"26":{"start":{"line":82,"column":6},"end":{"line":82,"column":18}},"27":{"start":{"line":84,"column":4},"end":{"line":87,"column":6}},"28":{"start":{"line":89,"column":4},"end":{"line":89,"column":16}},"29":{"start":{"line":99,"column":17},"end":{"line":99,"column":54}},"30":{"start":{"line":100,"column":28},"end":{"line":100,"column":44}},"31":{"start":{"line":101,"column":24},"end":{"line":101,"column":40}},"32":{"start":{"line":102,"column":24},"end":{"line":102,"column":37}},"33":{"start":{"line":104,"column":4},"end":{"line":114,"column":19}},"34":{"start":{"line":115,"column":4},"end":{"line":125,"column":42}},"35":{"start":{"line":126,"column":4},"end":{"line":126,"column":16}},"36":{"start":{"line":131,"column":4},"end":{"line":132,"column":52}},"37":{"start":{"line":132,"column":6},"end":{"line":132,"column":52}},"38":{"start":{"line":134,"column":4},"end":{"line":135,"column":55}},"39":{"start":{"line":135,"column":6},"end":{"line":135,"column":55}},"40":{"start":{"line":137,"column":4},"end":{"line":138,"column":53}},"41":{"start":{"line":138,"column":6},"end":{"line":138,"column":53}},"42":{"start":{"line":140,"column":18},"end":{"line":140,"column":52}},"43":{"start":{"line":141,"column":20},"end":{"line":141,"column":63}},"44":{"start":{"line":142,"column":17},"end":{"line":142,"column":49}},"45":{"start":{"line":145,"column":4},"end":{"line":147,"column":19}},"46":{"start":{"line":148,"column":4},"end":{"line":150,"column":42}},"47":{"start":{"line":151,"column":4},"end":{"line":151,"column":16}},"48":{"start":{"line":156,"column":4},"end":{"line":157,"column":52}},"49":{"start":{"line":157,"column":6},"end":{"line":157,"column":52}},"50":{"start":{"line":160,"column":4},"end":{"line":160,"column":72}},"51":{"start":{"line":161,"column":4},"end":{"line":163,"column":42}},"52":{"start":{"line":164,"column":4},"end":{"line":164,"column":16}},"53":{"start":{"line":169,"column":4},"end":{"line":170,"column":52}},"54":{"start":{"line":170,"column":6},"end":{"line":170,"column":52}},"55":{"start":{"line":172,"column":4},"end":{"line":173,"column":58}},"56":{"start":{"line":173,"column":6},"end":{"line":173,"column":58}},"57":{"start":{"line":175,"column":4},"end":{"line":176,"column":58}},"58":{"start":{"line":176,"column":6},"end":{"line":176,"column":58}},"59":{"start":{"line":178,"column":18},"end":{"line":178,"column":52}},"60":{"start":{"line":179,"column":20},"end":{"line":179,"column":65}},"61":{"start":{"line":180,"column":17},"end":{"line":180,"column":51}},"62":{"start":{"line":182,"column":4},"end":{"line":184,"column":19}},"63":{"start":{"line":185,"column":4},"end":{"line":187,"column":42}},"64":{"start":{"line":188,"column":4},"end":{"line":188,"column":16}},"65":{"start":{"line":198,"column":21},"end":{"line":198,"column":49}},"66":{"start":{"line":199,"column":18},"end":{"line":199,"column":65}},"67":{"start":{"line":201,"column":18},"end":{"line":208,"column":5}},"68":{"start":{"line":210,"column":15},"end":{"line":210,"column":37}},"69":{"start":{"line":211,"column":4},"end":{"line":211,"column":26}},"70":{"start":{"line":212,"column":25},"end":{"line":212,"column":39}},"71":{"start":{"line":214,"column":4},"end":{"line":222,"column":9}},"72":{"start":{"line":217,"column":8},"end":{"line":217,"column":40}},"73":{"start":{"line":218,"column":8},"end":{"line":218,"column":20}},"74":{"start":{"line":221,"column":8},"end":{"line":221,"column":27}},"75":{"start":{"line":225,"column":0},"end":{"line":225,"column":28}}},"fnMap":{"0":{"name":"(anonymous_0)","decl":{"start":{"line":21,"column":2},"end":{"line":21,"column":3}},"loc":{"start":{"line":21,"column":20},"end":{"line":26,"column":3}},"line":21},"1":{"name":"(anonymous_1)","decl":{"start":{"line":34,"column":2},"end":{"line":34,"column":3}},"loc":{"start":{"line":34,"column":19},"end":{"line":40,"column":3}},"line":34},"2":{"name":"(anonymous_2)","decl":{"start":{"line":48,"column":2},"end":{"line":48,"column":3}},"loc":{"start":{"line":48,"column":16},"end":{"line":50,"column":3}},"line":48},"3":{"name":"(anonymous_3)","decl":{"start":{"line":58,"column":2},"end":{"line":58,"column":3}},"loc":{"start":{"line":58,"column":20},"end":{"line":61,"column":3}},"line":58},"4":{"name":"(anonymous_4)","decl":{"start":{"line":69,"column":2},"end":{"line":69,"column":3}},"loc":{"start":{"line":69,"column":20},"end":{"line":90,"column":3}},"line":69},"5":{"name":"(anonymous_5)","decl":{"start":{"line":98,"column":2},"end":{"line":98,"column":3}},"loc":{"start":{"line":98,"column":56},"end":{"line":127,"column":3}},"line":98},"6":{"name":"(anonymous_6)","decl":{"start":{"line":129,"column":2},"end":{"line":129,"column":3}},"loc":{"start":{"line":129,"column":72},"end":{"line":152,"column":3}},"line":129},"7":{"name":"(anonymous_7)","decl":{"start":{"line":154,"column":2},"end":{"line":154,"column":3}},"loc":{"start":{"line":154,"column":35},"end":{"line":165,"column":3}},"line":154},"8":{"name":"(anonymous_8)","decl":{"start":{"line":167,"column":2},"end":{"line":167,"column":3}},"loc":{"start":{"line":167,"column":76},"end":{"line":189,"column":3}},"line":167},"9":{"name":"(anonymous_9)","decl":{"start":{"line":197,"column":2},"end":{"line":197,"column":3}},"loc":{"start":{"line":197,"column":17},"end":{"line":223,"column":3}},"line":197},"10":{"name":"(anonymous_10)","decl":{"start":{"line":216,"column":29},"end":{"line":216,"column":30}},"loc":{"start":{"line":216,"column":41},"end":{"line":219,"column":7}},"line":216},"11":{"name":"(anonymous_11)","decl":{"start":{"line":220,"column":19},"end":{"line":220,"column":20}},"loc":{"start":{"line":220,"column":28},"end":{"line":222,"column":7}},"line":220}},"branchMap":{"0":{"loc":{"start":{"line":9,"column":23},"end":{"line":9,"column":72}},"type":"binary-expr","locations":[{"start":{"line":9,"column":23},"end":{"line":9,"column":45}},{"start":{"line":9,"column":49},"end":{"line":9,"column":72}}],"line":9},"1":{"loc":{"start":{"line":76,"column":4},"end":{"line":83,"column":5}},"type":"if","locations":[{"start":{"line":76,"column":4},"end":{"line":83,"column":5}},{"start":{"line":76,"column":4},"end":{"line":83,"column":5}}],"line":76},"2":{"loc":{"start":{"line":131,"column":4},"end":{"line":132,"column":52}},"type":"if","locations":[{"start":{"line":131,"column":4},"end":{"line":132,"column":52}},{"start":{"line":131,"column":4},"end":{"line":132,"column":52}}],"line":131},"3":{"loc":{"start":{"line":134,"column":4},"end":{"line":135,"column":55}},"type":"if","locations":[{"start":{"line":134,"column":4},"end":{"line":135,"column":55}},{"start":{"line":134,"column":4},"end":{"line":135,"column":55}}],"line":134},"4":{"loc":{"start":{"line":137,"column":4},"end":{"line":138,"column":53}},"type":"if","locations":[{"start":{"line":137,"column":4},"end":{"line":138,"column":53}},{"start":{"line":137,"column":4},"end":{"line":138,"column":53}}],"line":137},"5":{"loc":{"start":{"line":156,"column":4},"end":{"line":157,"column":52}},"type":"if","locations":[{"start":{"line":156,"column":4},"end":{"line":157,"column":52}},{"start":{"line":156,"column":4},"end":{"line":157,"column":52}}],"line":156},"6":{"loc":{"start":{"line":169,"column":4},"end":{"line":170,"column":52}},"type":"if","locations":[{"start":{"line":169,"column":4},"end":{"line":170,"column":52}},{"start":{"line":169,"column":4},"end":{"line":170,"column":52}}],"line":169},"7":{"loc":{"start":{"line":172,"column":4},"end":{"line":173,"column":58}},"type":"if","locations":[{"start":{"line":172,"column":4},"end":{"line":173,"column":58}},{"start":{"line":172,"column":4},"end":{"line":173,"column":58}}],"line":172},"8":{"loc":{"start":{"line":175,"column":4},"end":{"line":176,"column":58}},"type":"if","locations":[{"start":{"line":175,"column":4},"end":{"line":176,"column":58}},{"start":{"line":175,"column":4},"end":{"line":176,"column":58}}],"line":175}},"s":{"0":1,"1":1,"2":1,"3":1,"4":1,"5":1,"6":1,"7":1,"8":1,"9":1,"10":1,"11":1,"12":1,"13":1,"14":1,"15":1,"16":1,"17":1,"18":1,"19":0,"20":0,"21":0,"22":0,"23":0,"24":0,"25":0,"26":0,"27":0,"28":0,"29":0,"30":0,"31":0,"32":0,"33":0,"34":0,"35":0,"36":4,"37":1,"38":3,"39":1,"40":2,"41":1,"42":1,"43":1,"44":1,"45":1,"46":1,"47":0,"48":1,"49":1,"50":0,"51":0,"52":0,"53":3,"54":1,"55":2,"56":1,"57":1,"58":1,"59":0,"60":0,"61":0,"62":0,"63":0,"64":0,"65":0,"66":0,"67":0,"68":0,"69":0,"70":0,"71":0,"72":0,"73":0,"74":0,"75":1},"f":{"0":1,"1":1,"2":1,"3":0,"4":0,"5":0,"6":4,"7":1,"8":3,"9":0,"10":0,"11":0},"b":{"0":[1,0],"1":[0,0],"2":[1,3],"3":[1,2],"4":[1,1],"5":[1,0],"6":[1,2],"7":[1,1],"8":[1,0]},"_coverageSchema":"43e27e138ebf9cfc5966b082cf9a028302ed4184","hash":"8e3425172e08448cefcaecf544119b2b44b9df77"}
,"C:\\Users\\smartinez.nuclearis\\Documents\\GitHub\\NUCLEARIS-Material-Organization\\models\\document.js": {"path":"C:\\Users\\smartinez.nuclearis\\Documents\\GitHub\\NUCLEARIS-Material-Organization\\models\\document.js","statementMap":{"0":{"start":{"line":1,"column":17},"end":{"line":1,"column":36}},"1":{"start":{"line":3,"column":18},"end":{"line":13,"column":2}},"2":{"start":{"line":15,"column":0},"end":{"line":15,"column":55}}},"fnMap":{},"branchMap":{},"s":{"0":1,"1":1,"2":1},"f":{},"b":{},"_coverageSchema":"43e27e138ebf9cfc5966b082cf9a028302ed4184","hash":"13be05c40d21af91091c93923571dd6adf11b53e"}
}
