TN:
SF:C:\Users\smartinez.nuclearis\Documents\GitHub\NUCLEARIS-Material-Organization\classes\Blockchain.js
FN:20,(anonymous_0)
FN:33,(anonymous_1)
FN:47,(anonymous_2)
FN:57,(anonymous_3)
FN:71,(anonymous_4)
FN:102,(anonymous_5)
FN:127,(anonymous_6)
FN:140,(anonymous_7)
FN:170,(anonymous_8)
FN:189,(anonymous_9)
FN:193,(anonymous_10)
FNF:11
FNH:8
FNDA:4,(anonymous_0)
FNDA:2,(anonymous_1)
FNDA:1,(anonymous_2)
FNDA:2,(anonymous_3)
FNDA:1,(anonymous_4)
FNDA:4,(anonymous_5)
FNDA:1,(anonymous_6)
FNDA:3,(anonymous_7)
FNDA:0,(anonymous_8)
FNDA:0,(anonymous_9)
FNDA:0,(anonymous_10)
DA:1,2
DA:2,2
DA:3,2
DA:4,2
DA:5,2
DA:6,2
DA:8,2
DA:9,2
DA:10,2
DA:11,2
DA:12,2
DA:22,4
DA:23,4
DA:24,4
DA:34,2
DA:35,2
DA:38,2
DA:48,1
DA:58,2
DA:62,0
DA:72,1
DA:73,1
DA:74,1
DA:75,1
DA:77,1
DA:88,0
DA:99,0
DA:104,4
DA:105,1
DA:107,3
DA:108,1
DA:110,2
DA:111,1
DA:113,1
DA:114,1
DA:115,1
DA:118,1
DA:121,1
DA:124,0
DA:129,1
DA:130,1
DA:133,0
DA:134,0
DA:137,0
DA:142,3
DA:143,1
DA:145,2
DA:146,1
DA:148,1
DA:149,1
DA:151,0
DA:152,0
DA:153,0
DA:155,0
DA:158,0
DA:161,0
DA:171,0
DA:172,0
DA:174,0
DA:183,0
DA:184,0
DA:185,0
DA:187,0
DA:190,0
DA:191,0
DA:194,0
DA:198,2
LF:67
LH:44
BRDA:8,0,0,2
BRDA:8,0,1,0
BRDA:104,1,0,1
BRDA:104,1,1,3
BRDA:107,2,0,1
BRDA:107,2,1,2
BRDA:110,3,0,1
BRDA:110,3,1,1
BRDA:129,4,0,1
BRDA:129,4,1,0
BRDA:142,5,0,1
BRDA:142,5,1,2
BRDA:145,6,0,1
BRDA:145,6,1,1
BRDA:148,7,0,1
BRDA:148,7,1,0
BRF:16
BRH:13
end_of_record
TN:
SF:C:\Users\smartinez.nuclearis\Documents\GitHub\NUCLEARIS-Material-Organization\classes\Documento.js
FN:11,(anonymous_0)
FN:22,(anonymous_1)
FN:33,(anonymous_2)
FNF:3
FNH:3
FNDA:3,(anonymous_0)
FNDA:1,(anonymous_1)
FNDA:3,(anonymous_2)
DA:1,1
DA:12,3
DA:13,3
DA:23,1
DA:34,3
DA:35,1
DA:36,2
DA:37,2
DA:38,1
DA:40,1
DA:44,1
LF:11
LH:11
BRDA:34,0,0,1
BRDA:34,0,1,2
BRDA:37,1,0,1
BRDA:37,1,1,1
BRF:4
BRH:4
end_of_record
