TN:
SF:C:\Users\smartinez.nuclearis\Documents\GitHub\NUCLEARIS-Material-Organization\classes\Blockchain.js
FN:21,(anonymous_0)
FN:34,(anonymous_1)
FN:48,(anonymous_2)
FN:58,(anonymous_3)
FN:69,(anonymous_4)
FN:98,(anonymous_5)
FN:129,(anonymous_6)
FN:154,(anonymous_7)
FN:167,(anonymous_8)
FN:197,(anonymous_9)
FN:216,(anonymous_10)
FN:220,(anonymous_11)
FNF:12
FNH:6
FNDA:1,(anonymous_0)
FNDA:1,(anonymous_1)
FNDA:1,(anonymous_2)
FNDA:0,(anonymous_3)
FNDA:0,(anonymous_4)
FNDA:0,(anonymous_5)
FNDA:4,(anonymous_6)
FNDA:1,(anonymous_7)
FNDA:3,(anonymous_8)
FNDA:0,(anonymous_9)
FNDA:0,(anonymous_10)
FNDA:0,(anonymous_11)
DA:1,1
DA:2,1
DA:3,1
DA:4,1
DA:5,1
DA:6,1
DA:7,1
DA:9,1
DA:10,1
DA:11,1
DA:12,1
DA:13,1
DA:23,1
DA:24,1
DA:25,1
DA:35,1
DA:36,1
DA:39,1
DA:49,1
DA:59,0
DA:60,0
DA:70,0
DA:73,0
DA:74,0
DA:76,0
DA:77,0
DA:82,0
DA:84,0
DA:89,0
DA:99,0
DA:100,0
DA:101,0
DA:102,0
DA:104,0
DA:115,0
DA:126,0
DA:131,4
DA:132,1
DA:134,3
DA:135,1
DA:137,2
DA:138,1
DA:140,1
DA:141,1
DA:142,1
DA:145,1
DA:148,1
DA:151,0
DA:156,1
DA:157,1
DA:160,0
DA:161,0
DA:164,0
DA:169,3
DA:170,1
DA:172,2
DA:173,1
DA:175,1
DA:176,1
DA:178,0
DA:179,0
DA:180,0
DA:182,0
DA:185,0
DA:188,0
DA:198,0
DA:199,0
DA:201,0
DA:210,0
DA:211,0
DA:212,0
DA:214,0
DA:217,0
DA:218,0
DA:221,0
DA:225,1
LF:76
LH:39
BRDA:9,0,0,1
BRDA:9,0,1,0
BRDA:76,1,0,0
BRDA:76,1,1,0
BRDA:131,2,0,1
BRDA:131,2,1,3
BRDA:134,3,0,1
BRDA:134,3,1,2
BRDA:137,4,0,1
BRDA:137,4,1,1
BRDA:156,5,0,1
BRDA:156,5,1,0
BRDA:169,6,0,1
BRDA:169,6,1,2
BRDA:172,7,0,1
BRDA:172,7,1,1
BRDA:175,8,0,1
BRDA:175,8,1,0
BRF:18
BRH:13
end_of_record
TN:
SF:C:\Users\smartinez.nuclearis\Documents\GitHub\NUCLEARIS-Material-Organization\models\document.js
FNF:0
FNH:0
DA:1,1
DA:3,1
DA:15,1
LF:3
LH:3
BRF:0
BRH:0
end_of_record
